<?xml version="1.0" encoding="UTF-8"?>
<!-- Generated by org.testng.reporters.JUnitReportReporter -->
<testsuite skipped="0" hostname="TYSS-ELF-Manjunath" name="runner.Runner" tests="1" failures="0" timestamp="28 May 2020 07:53:46 GMT" time="9.118" errors="0">
  <testcase name="feature" time="9.118" classname="runner.Runner"/>
</testsuite> <!-- runner.Runner -->
